<?xml version="1.0" encoding="UTF-8"?>
<testng-results skipped="0" failed="0" ignored="2" total="3" passed="1">
  <reporter-output>
  </reporter-output>
  <suite name="FlowDriveSuite" duration-ms="30521" started-at="2017-11-19T20:46:31Z" finished-at="2017-11-19T20:47:02Z">
    <groups>
    </groups>
    <test name="Test" duration-ms="30521" started-at="2017-11-19T20:46:31Z" finished-at="2017-11-19T20:47:02Z">
      <class name="com.flowDrive.scripts.WorkFlow1_Test">
        <test-method status="PASS" signature="beforeClass()[pri:0, instance:com.flowDrive.scripts.WorkFlow1_Test@64bfbc86]" name="beforeClass" is-config="true" duration-ms="34" started-at="2017-11-20T02:16:31Z" finished-at="2017-11-20T02:16:31Z">
          <reporter-output>
          </reporter-output>
        </test-method> <!-- beforeClass -->
        <test-method status="PASS" signature="startJourney()[pri:0, instance:com.flowDrive.scripts.WorkFlow1_Test@64bfbc86]" name="startJourney" duration-ms="28058" started-at="2017-11-20T02:16:31Z" finished-at="2017-11-20T02:16:59Z">
          <reporter-output>
          </reporter-output>
        </test-method> <!-- startJourney -->
        <test-method status="PASS" signature="afterMethod()[pri:0, instance:com.flowDrive.scripts.WorkFlow1_Test@64bfbc86]" name="afterMethod" is-config="true" duration-ms="2402" started-at="2017-11-20T02:16:59Z" finished-at="2017-11-20T02:17:02Z">
          <reporter-output>
          </reporter-output>
        </test-method> <!-- afterMethod -->
      </class> <!-- com.flowDrive.scripts.WorkFlow1_Test -->
      <class name="com.flowDrive.initialize.AndroidDriverr">
        <test-method status="PASS" signature="beforeSuite()[pri:0, instance:com.flowDrive.initialize.AndroidDriverr@192b07fd]" name="beforeSuite" is-config="true" duration-ms="51235" started-at="2017-11-20T02:15:40Z" finished-at="2017-11-20T02:16:31Z">
          <reporter-output>
          </reporter-output>
        </test-method> <!-- beforeSuite -->
        <test-method status="PASS" signature="afterSuite()[pri:0, instance:com.flowDrive.initialize.AndroidDriverr@192b07fd]" name="afterSuite" is-config="true" duration-ms="0" started-at="2017-11-20T02:17:02Z" finished-at="2017-11-20T02:17:02Z">
          <reporter-output>
          </reporter-output>
        </test-method> <!-- afterSuite -->
      </class> <!-- com.flowDrive.initialize.AndroidDriverr -->
    </test> <!-- Test -->
  </suite> <!-- FlowDriveSuite -->
</testng-results>
