<?xml version="1.0" encoding="UTF-8"?>
<!-- Generated by org.testng.reporters.JUnitXMLReporter -->
<testsuite hostname="Venky-PC" ignored="2" name="Test" tests="1" failures="0" timestamp="19 Nov 2017 20:47:02 GMT" time="30.521" errors="0">
  <testcase name="startJourney" time="28.058" classname="com.flowDrive.scripts.WorkFlow1_Test"/>
  <testcase name="registerTest" time="0.0" classname="com.flowDrive.scripts.WorkFlow1_Test">
    <ignored/>
  </testcase> <!-- registerTest -->
  <testcase name="loginTest" time="0.0" classname="com.flowDrive.scripts.WorkFlow1_Test">
    <ignored/>
  </testcase> <!-- loginTest -->
</testsuite> <!-- Test -->
